<?xml version="1.0" encoding="UTF-8"?>
<!-- Generated by org.testng.reporters.JUnitXMLReporter -->
<testsuite hostname="HCA-5X9S542" name="Pathology" tests="5" failures="0" timestamp="29 Feb 2016 10:03:32 GMT" time="45.77" errors="0">
  <testcase name="test1" time="26.839" classname="page.classes.TestNGSuite"/>
  <testcase name="test2" time="5.872" classname="page.classes.TestNGSuite"/>
  <testcase name="test3" time="4.094" classname="page.classes.TestNGSuite"/>
  <testcase name="test4" time="3.436" classname="page.classes.TestNGSuite"/>
  <testcase name="test5" time="1.376" classname="page.classes.TestNGSuite"/>
</testsuite> <!-- Pathology -->
