<?xml version="1.0" encoding="UTF-8"?>
<testng-results skipped="0" failed="0" total="5" passed="5">
  <reporter-output>
  </reporter-output>
  <suite name="TestSuite" duration-ms="45770" started-at="2016-02-29T10:02:46Z" finished-at="2016-02-29T10:03:32Z">
    <groups>
    </groups>
    <test name="Pathology" duration-ms="45770" started-at="2016-02-29T10:02:46Z" finished-at="2016-02-29T10:03:32Z">
      <class name="page.classes.TestNGSuite">
        <test-method status="PASS" signature="setUp()[pri:0, instance:page.classes.TestNGSuite@5c1becb3]" name="setUp" is-config="true" duration-ms="4128" started-at="2016-02-29T15:32:46Z" finished-at="2016-02-29T15:32:50Z">
          <reporter-output>
          </reporter-output>
        </test-method> <!-- setUp -->
        <test-method status="PASS" signature="test1()[pri:0, instance:page.classes.TestNGSuite@5c1becb3]" name="test1" duration-ms="26839" started-at="2016-02-29T15:32:50Z" finished-at="2016-02-29T15:33:17Z">
          <reporter-output>
          </reporter-output>
        </test-method> <!-- test1 -->
        <test-method status="PASS" signature="test2()[pri:0, instance:page.classes.TestNGSuite@5c1becb3]" name="test2" duration-ms="5872" started-at="2016-02-29T15:33:17Z" finished-at="2016-02-29T15:33:23Z">
          <reporter-output>
          </reporter-output>
        </test-method> <!-- test2 -->
        <test-method status="PASS" signature="test3()[pri:0, instance:page.classes.TestNGSuite@5c1becb3]" name="test3" duration-ms="4094" started-at="2016-02-29T15:33:23Z" finished-at="2016-02-29T15:33:27Z">
          <reporter-output>
          </reporter-output>
        </test-method> <!-- test3 -->
        <test-method status="PASS" signature="test4()[pri:0, instance:page.classes.TestNGSuite@5c1becb3]" name="test4" duration-ms="3436" started-at="2016-02-29T15:33:27Z" finished-at="2016-02-29T15:33:30Z">
          <reporter-output>
          </reporter-output>
        </test-method> <!-- test4 -->
        <test-method status="PASS" signature="test5()[pri:0, instance:page.classes.TestNGSuite@5c1becb3]" name="test5" duration-ms="1376" started-at="2016-02-29T15:33:30Z" finished-at="2016-02-29T15:33:32Z">
          <reporter-output>
          </reporter-output>
        </test-method> <!-- test5 -->
        <test-method status="PASS" signature="afterMethod()[pri:0, instance:page.classes.TestNGSuite@5c1becb3]" name="afterMethod" is-config="true" duration-ms="0" started-at="2016-02-29T15:33:32Z" finished-at="2016-02-29T15:33:32Z">
          <reporter-output>
          </reporter-output>
        </test-method> <!-- afterMethod -->
      </class> <!-- page.classes.TestNGSuite -->
    </test> <!-- Pathology -->
  </suite> <!-- TestSuite -->
</testng-results>
