<?xml version="1.0" encoding="UTF-8"?>
<!-- Generated by org.testng.reporters.JUnitXMLReporter -->
<testsuite hostname="HCA-5X9S542" name="Default test" tests="5" failures="0" timestamp="29 Feb 2016 10:00:33 GMT" time="44.58" errors="0">
  <testcase name="test1" time="27.912" classname="page.classes.TestNGSuite"/>
  <testcase name="test2" time="6.167" classname="page.classes.TestNGSuite"/>
  <testcase name="test3" time="2.559" classname="page.classes.TestNGSuite"/>
  <testcase name="test4" time="3.727" classname="page.classes.TestNGSuite"/>
  <testcase name="test5" time="0.04" classname="page.classes.TestNGSuite"/>
</testsuite> <!-- Default test -->
